Jupyter Kernel Gateway 3.0.1 is available at http://127.0.0.1:8888
Kernel started: 1bfce0f2-3677-4540-8933-7c5ee41ad7ce
No session ID specified
Adapting from protocol version 5.3 (kernel 1bfce0f2-3677-4540-8933-7c5ee41ad7ce) to 5.4 (client).
Connecting to kernel 1bfce0f2-3677-4540-8933-7c5ee41ad7ce.
No session ID specified
Adapting from protocol version 5.3 (kernel 1bfce0f2-3677-4540-8933-7c5ee41ad7ce) to 5.4 (client).
Connecting to kernel 1bfce0f2-3677-4540-8933-7c5ee41ad7ce.
No session ID specified
Adapting from protocol version 5.3 (kernel 1bfce0f2-3677-4540-8933-7c5ee41ad7ce) to 5.4 (client).
Connecting to kernel 1bfce0f2-3677-4540-8933-7c5ee41ad7ce.
interrupted
Shutting down...
Kernel shutdown: 1bfce0f2-3677-4540-8933-7c5ee41ad7ce
Jupyter Kernel Gateway 3.0.1 is available at http://127.0.0.1:8888
Kernel started: 4c7c3fa9-8be4-478d-a911-f4cef1430221
No session ID specified
Adapting from protocol version 5.3 (kernel 4c7c3fa9-8be4-478d-a911-f4cef1430221) to 5.4 (client).
Connecting to kernel 4c7c3fa9-8be4-478d-a911-f4cef1430221.
No session ID specified
Adapting from protocol version 5.3 (kernel 4c7c3fa9-8be4-478d-a911-f4cef1430221) to 5.4 (client).
Connecting to kernel 4c7c3fa9-8be4-478d-a911-f4cef1430221.
No session ID specified
Adapting from protocol version 5.3 (kernel 4c7c3fa9-8be4-478d-a911-f4cef1430221) to 5.4 (client).
Connecting to kernel 4c7c3fa9-8be4-478d-a911-f4cef1430221.
interrupted
Shutting down...
Kernel shutdown: 4c7c3fa9-8be4-478d-a911-f4cef1430221
Jupyter Kernel Gateway 3.0.1 is available at http://127.0.0.1:8888
Kernel started: 561444f0-b6be-4f3d-b80f-101067db7fe4
No session ID specified
Adapting from protocol version 5.3 (kernel 561444f0-b6be-4f3d-b80f-101067db7fe4) to 5.4 (client).
Connecting to kernel 561444f0-b6be-4f3d-b80f-101067db7fe4.
No session ID specified
Adapting from protocol version 5.3 (kernel 561444f0-b6be-4f3d-b80f-101067db7fe4) to 5.4 (client).
Connecting to kernel 561444f0-b6be-4f3d-b80f-101067db7fe4.
No session ID specified
Adapting from protocol version 5.3 (kernel 561444f0-b6be-4f3d-b80f-101067db7fe4) to 5.4 (client).
Connecting to kernel 561444f0-b6be-4f3d-b80f-101067db7fe4.
interrupted
Shutting down...
Kernel shutdown: 561444f0-b6be-4f3d-b80f-101067db7fe4
Jupyter Kernel Gateway 3.0.1 is available at http://127.0.0.1:8888
Kernel started: 5ed85a60-04f0-43f9-a6df-53856ef1f53b
No session ID specified
Adapting from protocol version 5.3 (kernel 5ed85a60-04f0-43f9-a6df-53856ef1f53b) to 5.4 (client).
Connecting to kernel 5ed85a60-04f0-43f9-a6df-53856ef1f53b.
No session ID specified
Adapting from protocol version 5.3 (kernel 5ed85a60-04f0-43f9-a6df-53856ef1f53b) to 5.4 (client).
Connecting to kernel 5ed85a60-04f0-43f9-a6df-53856ef1f53b.
No session ID specified
Adapting from protocol version 5.3 (kernel 5ed85a60-04f0-43f9-a6df-53856ef1f53b) to 5.4 (client).
Connecting to kernel 5ed85a60-04f0-43f9-a6df-53856ef1f53b.
interrupted
Shutting down...
Kernel shutdown: 5ed85a60-04f0-43f9-a6df-53856ef1f53b
